<?xml version="1.0" encoding="UTF-8"?>
<!-- Generated by org.testng.reporters.JUnitXMLReporter -->
<testsuite ignored="1" hostname="DESKTOP-2F2EII0" failures="1" tests="1" name="negativeloginTestt" time="0.027" errors="0" timestamp="2022-01-01T22:33:49 EST">
  <testcase classname="com.herokuapp.theinternet.LoginTest" name="negativeloginTest" time="0.0">
    <failure type="org.testng.TestNGException" message="
Parameter &amp;apos;username&amp;apos; is required by @Test on method negativeloginTest but has not been marked @Optional or defined
in C:\Users\Kanlaya\eclipse-workspace\selenium-for-beginners\src\test\resources\TestSuites\Debug.xml">
      <![CDATA[org.testng.TestNGException: 
Parameter 'username' is required by @Test on method negativeloginTest but has not been marked @Optional or defined
in C:\Users\Kanlaya\eclipse-workspace\selenium-for-beginners\src\test\resources\TestSuites\Debug.xml
at java.base/java.util.ArrayList.forEach(ArrayList.java:1511)
... Removed 26 stack frames]]>
    </failure>
  </testcase> <!-- negativeloginTest -->
  <testcase classname="com.herokuapp.theinternet.LoginTest" name="positiveloginTest" time="0.0">
    <ignored/>
  </testcase> <!-- positiveloginTest -->
</testsuite> <!-- negativeloginTestt -->
